[18:53:09] [Server thread/INFO]: Starting minecraft server version 1.8.8
[18:53:09] [Server thread/INFO]: Loading properties
[18:53:09] [Server thread/INFO]: Default game type: SURVIVAL
[18:53:10] [Server thread/INFO]: This server is running CraftBukkit version git-PaperSpigot-445 (MC: 1.8.8) (Implementing API version 1.8.8-R0.1-SNAPSHOT)
[18:53:10] [Server thread/INFO]: Debug logging is disabled
[18:53:10] [Server thread/INFO]: Spigot Timings: true - Verbose: true - Interval: 5m - Length: 60m
[18:53:10] [Server thread/INFO]: Server Ping Player Sample Count: 12

[18:53:10] [Server thread/INFO]: Using 4 threads for Netty based IO
[18:53:10] [Server thread/INFO]: Data value allowed items: 
[18:53:10] [Server thread/WARN]: java.lang.NoSuchFieldException: modifiers

[18:53:10] [Server thread/WARN]: 	at java.base/java.lang.Class.getDeclaredField(Class.java:2782)

[18:53:10] [Server thread/WARN]: 	at org.github.paperspigot.PaperSpigotConfig.stackableBuckets(PaperSpigotConfig.java:192)

[18:53:10] [Server thread/WARN]: 	at java.base/jdk.internal.reflect.DirectMethodHandleAccessor.invoke(DirectMethodHandleAccessor.java:103)

[18:53:10] [Server thread/WARN]: 	at java.base/java.lang.reflect.Method.invoke(Method.java:580)

[18:53:10] [Server thread/WARN]: 	at org.github.paperspigot.PaperSpigotConfig.readConfig(PaperSpigotConfig.java:84)

[18:53:10] [Server thread/WARN]: 	at org.github.paperspigot.PaperSpigotConfig.init(PaperSpigotConfig.java:62)

[18:53:10] [Server thread/WARN]: 	at net.minecraft.server.v1_8_R3.DedicatedServer.init(DedicatedServer.java:181)

[18:53:10] [Server thread/WARN]: 	at net.minecraft.server.v1_8_R3.MinecraftServer.run(MinecraftServer.java:563)

[18:53:10] [Server thread/WARN]: 	at java.base/java.lang.Thread.run(Thread.java:1583)

[18:53:10] [Server thread/INFO]: Generating keypair
[18:53:10] [Server thread/INFO]: Starting Minecraft server on localhost:25565
[18:53:10] [Server thread/INFO]: Your platform does not provide complete low-level API for accessing direct buffers reliably. Unless explicitly requested, heap buffer will always be preferred to avoid potential system unstability.
[18:53:10] [Server thread/INFO]: Using default channel type
[18:53:10] [Server thread/ERROR]: Ambiguous plugin name `EaglerPluginInstaller' for files `plugins/EaglerPluginInstaller.jar' and `plugins/EaglerPluginInstaller-1.1.5.jar' in `plugins'
[18:53:10] [Server thread/INFO]: Set PluginClassLoader as parallel capable
[18:53:10] [Server thread/INFO]: [Colors] Properties loaded.

[18:53:10] [Server thread/INFO]: [MCCore] Loading MCCore v1.67
[18:53:10] [Server thread/INFO]: [SimpleTpa] Loading SimpleTpa v6.4
[18:53:10] [Server thread/INFO]: [dynmap] Loading dynmap v1.9.1-875
[18:53:10] [Server thread/ERROR]: [dynmap] Unable to find method e for net.minecraft.server.v1_8_R3.Block
[18:53:10] [Server thread/ERROR]: [dynmap] Unable to find field y for net.minecraft.server.v1_8_R3.BiomeBase
[18:53:10] [Server thread/ERROR]: [dynmap] Unable to find field x for net.minecraft.server.v1_8_R3.TileEntity
[18:53:10] [Server thread/ERROR]: [dynmap] Unable to find field y for net.minecraft.server.v1_8_R3.TileEntity
[18:53:10] [Server thread/ERROR]: [dynmap] Unable to find field z for net.minecraft.server.v1_8_R3.TileEntity
[18:53:10] [Server thread/ERROR]: Error initializing dynmap - bukkit version incompatible! initializing dynmap v1.9.1-875 (Is it up to date?)
java.lang.IllegalArgumentException: Error initializing dynmap - bukkit version incompatible!
	at org.dynmap.bukkit.BukkitVersionHelperGeneric.<init>(BukkitVersionHelperGeneric.java:106) ~[?:?]
	at org.dynmap.bukkit.BukkitVersionHelperCB.<init>(BukkitVersionHelperCB.java:27) ~[?:?]
	at org.dynmap.bukkit.BukkitVersionHelper.getHelper(BukkitVersionHelper.java:39) ~[?:?]
	at org.dynmap.bukkit.DynmapPlugin.onLoad(DynmapPlugin.java:758) ~[?:?]
	at org.bukkit.craftbukkit.v1_8_R3.CraftServer.loadPlugins(CraftServer.java:298) ~[patched_1.8.8.jar:git-PaperSpigot-445]
	at net.minecraft.server.v1_8_R3.DedicatedServer.init(DedicatedServer.java:202) ~[patched_1.8.8.jar:git-PaperSpigot-445]
	at net.minecraft.server.v1_8_R3.MinecraftServer.run(MinecraftServer.java:563) ~[patched_1.8.8.jar:git-PaperSpigot-445]
	at java.lang.Thread.run(Thread.java:1583) [?:?]
[18:53:10] [Server thread/INFO]: [[EaglerPluginInstaller]] Loading EaglerPluginInstaller v1.1.4
[18:53:10] [Server thread/INFO]: [WorldEdit] Loading WorldEdit v6.1;no_git_id
[18:53:10] [Server thread/INFO]: [UberEnchant] Loading UberEnchant v1.3
[18:53:10] [Server thread/INFO]: [SimpleHomes] Loading SimpleHomes v2.2
[18:53:10] [Server thread/INFO]: [Colors] Loading Colors v2.0.4
[18:53:10] [Server thread/INFO]: [SuperEnchants] Loading SuperEnchants v0.0.3
[18:53:10] [Server thread/INFO]: [[EaglerPluginUpdater]] Loading EaglerPluginUpdater v1.1.2
[18:53:10] [Server thread/INFO]: [MagicSpells] Loading MagicSpells v2.15
[18:53:10] [Server thread/INFO]: [McTeams] Loading McTeams v1.6.1
[18:53:10] [Server thread/INFO]: [CustomEnchantments] Loading CustomEnchantments v2.4c
[18:53:10] [Server thread/INFO]: [ProtocolLib] Loading ProtocolLib v5.1.0
[18:53:11] [Server thread/INFO]: [LoginSecurity] Loading LoginSecurity v3.2.0
[18:53:11] [Server thread/INFO]: [ProtocolLib] Enabling ProtocolLib v5.1.0
[18:53:11] [Server thread/WARN]: **** SERVER IS RUNNING IN OFFLINE/INSECURE MODE!
[18:53:11] [Server thread/WARN]: The server will make no attempt to authenticate usernames. Beware.
[18:53:11] [Server thread/WARN]: Whilst this makes it possible to use BungeeCord, unless access to your server is properly restricted, it also opens up the ability for hackers to connect with any username they choose.
[18:53:11] [Server thread/WARN]: Please see http://www.spigotmc.org/wiki/firewall-guide/ for further information.
[18:53:11] [Server thread/WARN]: To change this, set "online-mode" to "true" in the server.properties file.
[18:53:11] [Server thread/INFO]: **** Beginning UUID conversion, this may take A LONG time ****
[18:53:11] [Server thread/INFO]: Preparing level "world"
[18:53:11] [Server thread/INFO]: -------- World Settings For [world] --------
[18:53:11] [Server thread/INFO]: Mob Spawn Range: 4
[18:53:11] [Server thread/INFO]: Anti X-Ray: true
[18:53:11] [Server thread/INFO]: 	Engine Mode: 1
[18:53:11] [Server thread/INFO]: 	Hidden Blocks: [14, 15, 16, 21, 48, 49, 54, 56, 73, 74, 82, 129, 130]
[18:53:11] [Server thread/INFO]: 	Replace Blocks: [1, 5]
[18:53:11] [Server thread/INFO]: Nerfing mobs spawned from spawners: false
[18:53:11] [Server thread/INFO]: Cactus Growth Modifier: 100%
[18:53:11] [Server thread/INFO]: Cane Growth Modifier: 100%
[18:53:11] [Server thread/INFO]: Melon Growth Modifier: 100%
[18:53:11] [Server thread/INFO]: Mushroom Growth Modifier: 100%
[18:53:11] [Server thread/INFO]: Pumpkin Growth Modifier: 100%
[18:53:11] [Server thread/INFO]: Sapling Growth Modifier: 100%
[18:53:11] [Server thread/INFO]: Wheat Growth Modifier: 100%
[18:53:11] [Server thread/INFO]: NetherWart Growth Modifier: 100%
[18:53:11] [Server thread/INFO]: Entity Activation Range: An 32 / Mo 32 / Mi 16
[18:53:11] [Server thread/INFO]: Entity Tracking Range: Pl 48 / An 48 / Mo 48 / Mi 32 / Other 64
[18:53:11] [Server thread/INFO]: Hopper Transfer: 8 Hopper Check: 8 Hopper Amount: 1
[18:53:11] [Server thread/INFO]: Random Lighting Updates: false
[18:53:11] [Server thread/INFO]: Structure Info Saving: true
[18:53:11] [Server thread/INFO]: Sending up to 10 chunks per packet
[18:53:11] [Server thread/INFO]: Max Entity Collisions: 8
[18:53:11] [Server thread/INFO]: Custom Map Seeds:  Village: 10387312 Feature: 14357617
[18:53:11] [Server thread/INFO]: Max TNT Explosions: 100
[18:53:11] [Server thread/INFO]: Tile Max Tick Time: 50ms Entity max Tick Time: 50ms
[18:53:11] [Server thread/INFO]: Item Despawn Rate: 6000
[18:53:11] [Server thread/INFO]: Item Merge Radius: 2.5
[18:53:11] [Server thread/INFO]: Allow Zombie Pigmen to spawn from portal blocks: true
[18:53:11] [Server thread/INFO]: Arrow Despawn Rate: 1200
[18:53:11] [Server thread/INFO]: View Distance: 4
[18:53:11] [Server thread/INFO]: Zombie Aggressive Towards Villager: true
[18:53:11] [Server thread/INFO]: Chunks to Grow per Tick: 650
[18:53:11] [Server thread/INFO]: Clear tick list: false
[18:53:11] [Server thread/INFO]: Experience Merge Radius: 3.0
[18:53:11] [Server thread/INFO]: -------- World Settings For [world] --------
[18:53:11] [Server thread/INFO]: Remove invalid mob spawner tile entities: true
[18:53:11] [Server thread/INFO]: Player blocking damage multiplier set to 0.5
[18:53:11] [Server thread/INFO]: Squids will spawn between Y: 45.0 and Y: 63.0
[18:53:11] [Server thread/INFO]: Max height for cactus growth 3. Max height for reed growth 3
[18:53:11] [Server thread/INFO]: Living Entity Despawn Ranges:  Soft: 32 Hard: 128
[18:53:11] [Server thread/INFO]: Water over lava flow speed: 5
[18:53:11] [Server thread/INFO]: Fix TNT cannons: false
[18:53:11] [Server thread/INFO]: Allow undead horse types to be leashed: false
[18:53:11] [Server thread/INFO]: Keep spawn chunk loaded: true
[18:53:11] [Server thread/INFO]: World async lighting: false
[18:53:11] [Server thread/INFO]: WorldServer TickNextTick cap set at 10000
[18:53:11] [Server thread/INFO]: WorldServer TickNextTickList cap always processes redstone: false
[18:53:11] [Server thread/INFO]: -------- World Settings For [world_nether] --------
[18:53:11] [Server thread/INFO]: Mob Spawn Range: 4
[18:53:11] [Server thread/INFO]: Anti X-Ray: true
[18:53:11] [Server thread/INFO]: 	Engine Mode: 1
[18:53:11] [Server thread/INFO]: 	Hidden Blocks: [14, 15, 16, 21, 48, 49, 54, 56, 73, 74, 82, 129, 130]
[18:53:11] [Server thread/INFO]: 	Replace Blocks: [1, 5]
[18:53:11] [Server thread/INFO]: Nerfing mobs spawned from spawners: false
[18:53:11] [Server thread/INFO]: Cactus Growth Modifier: 100%
[18:53:11] [Server thread/INFO]: Cane Growth Modifier: 100%
[18:53:11] [Server thread/INFO]: Melon Growth Modifier: 100%
[18:53:11] [Server thread/INFO]: Mushroom Growth Modifier: 100%
[18:53:11] [Server thread/INFO]: Pumpkin Growth Modifier: 100%
[18:53:11] [Server thread/INFO]: Sapling Growth Modifier: 100%
[18:53:11] [Server thread/INFO]: Wheat Growth Modifier: 100%
[18:53:11] [Server thread/INFO]: NetherWart Growth Modifier: 100%
[18:53:11] [Server thread/INFO]: Entity Activation Range: An 32 / Mo 32 / Mi 16
[18:53:11] [Server thread/INFO]: Entity Tracking Range: Pl 48 / An 48 / Mo 48 / Mi 32 / Other 64
[18:53:11] [Server thread/INFO]: Hopper Transfer: 8 Hopper Check: 8 Hopper Amount: 1
[18:53:11] [Server thread/INFO]: Random Lighting Updates: false
[18:53:11] [Server thread/INFO]: Structure Info Saving: true
[18:53:11] [Server thread/INFO]: Sending up to 10 chunks per packet
[18:53:11] [Server thread/INFO]: Max Entity Collisions: 8
[18:53:11] [Server thread/INFO]: Custom Map Seeds:  Village: 10387312 Feature: 14357617
[18:53:11] [Server thread/INFO]: Max TNT Explosions: 100
[18:53:11] [Server thread/INFO]: Tile Max Tick Time: 50ms Entity max Tick Time: 50ms
[18:53:11] [Server thread/INFO]: Item Despawn Rate: 6000
[18:53:11] [Server thread/INFO]: Item Merge Radius: 2.5
[18:53:11] [Server thread/INFO]: Allow Zombie Pigmen to spawn from portal blocks: true
[18:53:11] [Server thread/INFO]: Arrow Despawn Rate: 1200
[18:53:11] [Server thread/INFO]: View Distance: 4
[18:53:11] [Server thread/INFO]: Zombie Aggressive Towards Villager: true
[18:53:11] [Server thread/INFO]: Chunks to Grow per Tick: 650
[18:53:11] [Server thread/INFO]: Clear tick list: false
[18:53:11] [Server thread/INFO]: Experience Merge Radius: 3.0
[18:53:11] [Server thread/INFO]: -------- World Settings For [world_nether] --------
[18:53:11] [Server thread/INFO]: Remove invalid mob spawner tile entities: true
[18:53:11] [Server thread/INFO]: Player blocking damage multiplier set to 0.5
[18:53:11] [Server thread/INFO]: Squids will spawn between Y: 45.0 and Y: 63.0
[18:53:11] [Server thread/INFO]: Max height for cactus growth 3. Max height for reed growth 3
[18:53:11] [Server thread/INFO]: Living Entity Despawn Ranges:  Soft: 32 Hard: 128
[18:53:11] [Server thread/INFO]: Water over lava flow speed: 5
[18:53:11] [Server thread/INFO]: Fix TNT cannons: false
[18:53:11] [Server thread/INFO]: Allow undead horse types to be leashed: false
[18:53:11] [Server thread/INFO]: Keep spawn chunk loaded: true
[18:53:11] [Server thread/INFO]: World async lighting: false
[18:53:11] [Server thread/INFO]: WorldServer TickNextTick cap set at 10000
[18:53:11] [Server thread/INFO]: WorldServer TickNextTickList cap always processes redstone: false
[18:53:11] [Server thread/INFO]: -------- World Settings For [world_the_end] --------
[18:53:11] [Server thread/INFO]: Mob Spawn Range: 4
[18:53:11] [Server thread/INFO]: Anti X-Ray: true
[18:53:11] [Server thread/INFO]: 	Engine Mode: 1
[18:53:11] [Server thread/INFO]: 	Hidden Blocks: [14, 15, 16, 21, 48, 49, 54, 56, 73, 74, 82, 129, 130]
[18:53:11] [Server thread/INFO]: 	Replace Blocks: [1, 5]
[18:53:11] [Server thread/INFO]: Nerfing mobs spawned from spawners: false
[18:53:11] [Server thread/INFO]: Cactus Growth Modifier: 100%
[18:53:11] [Server thread/INFO]: Cane Growth Modifier: 100%
[18:53:11] [Server thread/INFO]: Melon Growth Modifier: 100%
[18:53:11] [Server thread/INFO]: Mushroom Growth Modifier: 100%
[18:53:11] [Server thread/INFO]: Pumpkin Growth Modifier: 100%
[18:53:11] [Server thread/INFO]: Sapling Growth Modifier: 100%
[18:53:11] [Server thread/INFO]: Wheat Growth Modifier: 100%
[18:53:11] [Server thread/INFO]: NetherWart Growth Modifier: 100%
[18:53:11] [Server thread/INFO]: Entity Activation Range: An 32 / Mo 32 / Mi 16
[18:53:11] [Server thread/INFO]: Entity Tracking Range: Pl 48 / An 48 / Mo 48 / Mi 32 / Other 64
[18:53:11] [Server thread/INFO]: Hopper Transfer: 8 Hopper Check: 8 Hopper Amount: 1
[18:53:11] [Server thread/INFO]: Random Lighting Updates: false
[18:53:11] [Server thread/INFO]: Structure Info Saving: true
[18:53:11] [Server thread/INFO]: Sending up to 10 chunks per packet
[18:53:11] [Server thread/INFO]: Max Entity Collisions: 8
[18:53:11] [Server thread/INFO]: Custom Map Seeds:  Village: 10387312 Feature: 14357617
[18:53:11] [Server thread/INFO]: Max TNT Explosions: 100
[18:53:11] [Server thread/INFO]: Tile Max Tick Time: 50ms Entity max Tick Time: 50ms
[18:53:11] [Server thread/INFO]: Item Despawn Rate: 6000
[18:53:11] [Server thread/INFO]: Item Merge Radius: 2.5
[18:53:11] [Server thread/INFO]: Allow Zombie Pigmen to spawn from portal blocks: true
[18:53:11] [Server thread/INFO]: Arrow Despawn Rate: 1200
[18:53:11] [Server thread/INFO]: View Distance: 4
[18:53:11] [Server thread/INFO]: Zombie Aggressive Towards Villager: true
[18:53:11] [Server thread/INFO]: Chunks to Grow per Tick: 650
[18:53:11] [Server thread/INFO]: Clear tick list: false
[18:53:11] [Server thread/INFO]: Experience Merge Radius: 3.0
[18:53:11] [Server thread/INFO]: -------- World Settings For [world_the_end] --------
[18:53:11] [Server thread/INFO]: Remove invalid mob spawner tile entities: true
[18:53:11] [Server thread/INFO]: Player blocking damage multiplier set to 0.5
[18:53:11] [Server thread/INFO]: Squids will spawn between Y: 45.0 and Y: 63.0
[18:53:11] [Server thread/INFO]: Max height for cactus growth 3. Max height for reed growth 3
[18:53:11] [Server thread/INFO]: Living Entity Despawn Ranges:  Soft: 32 Hard: 128
[18:53:11] [Server thread/INFO]: Water over lava flow speed: 5
[18:53:11] [Server thread/INFO]: Fix TNT cannons: false
[18:53:11] [Server thread/INFO]: Allow undead horse types to be leashed: false
[18:53:11] [Server thread/INFO]: Keep spawn chunk loaded: true
[18:53:11] [Server thread/INFO]: World async lighting: false
[18:53:11] [Server thread/INFO]: WorldServer TickNextTick cap set at 10000
[18:53:11] [Server thread/INFO]: WorldServer TickNextTickList cap always processes redstone: false
[18:53:11] [Server thread/INFO]: Preparing start region for level 0 (Seed: 123456789)
[18:53:12] [Server thread/INFO]: Preparing start region for level 1 (Seed: 123456789)
[18:53:13] [Server thread/INFO]: Preparing start region for level 2 (Seed: 123456789)
[18:53:13] [Server thread/INFO]: [MCCore] Enabling MCCore v1.67
[18:53:13] [Server thread/INFO]: Server version: 10808
[18:53:13] [Server thread/INFO]: [SimpleTpa] Enabling SimpleTpa v6.4
[18:53:13] [Server thread/INFO]: [0;33;1m[21m[SimpleTpa] If you need support contact me at https://discord.gg/SZUkza9[m

[18:53:13] [Server thread/INFO]: [0;33;1m[21m[SimpleTpa] Simple Tpa has been enabled on version 6.4[m

[18:53:13] [Server thread/INFO]: Enabled metrics. You may opt-out by changing plugins/bStats/config.yml
[18:53:13] [Server thread/INFO]: [dynmap] Enabling dynmap v1.9.1-875
[18:53:13] [Server thread/INFO]: [dynmap] Dynmap is disabled (unsupported platform)
[18:53:13] [Server thread/INFO]: [[EaglerPluginInstaller]] Enabling EaglerPluginInstaller v1.1.4
[18:53:13] [Server thread/INFO]: Check 1 passed

[18:53:14] [Server thread/INFO]: Check 3 passed

[18:53:14] [Server thread/INFO]: --------------------------------------------[m

[18:53:14] [Server thread/INFO]: --------------------------------------------[m

[18:53:14] [Server thread/INFO]: [0;32;1m[EaglerPluginInstaller][0;36;1m EaglerPluginInstaller V1.1.5 is now Enabled! :D[m

[18:53:14] [Server thread/INFO]: To use PluginInstaller, run the command "/install <pluginname>" ("install <pluginname>" in console) to install a plugin[m

[18:53:14] [Server thread/INFO]: To get a list of installable plugins, use the command "/plist" or "plist" in console[m

[18:53:14] [Server thread/INFO]: You can request to add a new plugin to the database by going to https://github.com/darverdevs/PluginInstallerRepo/tree/main[m

[18:53:14] [Server thread/INFO]: and creating an issue or pull request of the plugin you want to add[m

[18:53:14] [Server thread/INFO]: --------------------------------------------[m

[18:53:14] [Server thread/INFO]: --------------------------------------------[m

[18:53:14] [Server thread/INFO]: [WorldEdit] Enabling WorldEdit v6.1;no_git_id
[18:53:14] [Server thread/INFO]: WEPIF: Using the Bukkit Permissions API.
[18:53:14] [Server thread/INFO]: [WorldEdit] Using com.sk89q.worldedit.bukkit.adapter.impl.Spigot_v1_8_R3 as the Bukkit adapter
[18:53:14] [Server thread/INFO]: [UberEnchant] Enabling UberEnchant v1.3
[18:53:14] [Server thread/INFO]: Uber Enchant is now enabled.
[18:53:14] [Server thread/INFO]: [SimpleHomes] Enabling SimpleHomes v2.2
[18:53:14] [Server thread/INFO]: [Colors] Enabling Colors v2.0.4
[18:53:14] [Server thread/INFO]: [Colors] Not hooked into any permissions plugin. Using defaults.

[18:53:14] [Server thread/INFO]: [Colors] (Hint) install Vault if your permissions plugin was not detected.

[18:53:14] [Server thread/INFO]: [SuperEnchants] Enabling SuperEnchants v0.0.3
[18:53:14] [Server thread/INFO]: SuperEnchants has been enabled!

[18:53:14] [Server thread/INFO]: [[EaglerPluginUpdater]] Enabling EaglerPluginUpdater v1.1.2
[18:53:14] [Server thread/INFO]: [[EaglerPluginInstaller]] Disabling EaglerPluginInstaller v1.1.4
[18:53:14] [Server thread/INFO]: --------------------------------------------[m

[18:53:14] [Server thread/INFO]: --------------------------------------------[m

[18:53:14] [Server thread/INFO]: [0;32;1m[EaglerPluginInstaller][0;36;1m PluginInstaller V1.1.5 is now Disabled! D:[m

[18:53:14] [Server thread/INFO]: --------------------------------------------[m

[18:53:14] [Server thread/INFO]: --------------------------------------------[m

[18:53:14] [Server thread/INFO]: [[EaglerPluginInstaller]] Enabling EaglerPluginInstaller v1.1.4
[18:53:14] [Server thread/INFO]: Check 1 passed

[18:53:14] [Server thread/INFO]: Check 3 passed

[18:53:14] [Server thread/INFO]: --------------------------------------------[m

[18:53:14] [Server thread/INFO]: --------------------------------------------[m

[18:53:14] [Server thread/INFO]: [0;32;1m[EaglerPluginInstaller][0;36;1m EaglerPluginInstaller V1.1.5 is now Enabled! :D[m

[18:53:14] [Server thread/INFO]: To use PluginInstaller, run the command "/install <pluginname>" ("install <pluginname>" in console) to install a plugin[m

[18:53:14] [Server thread/INFO]: To get a list of installable plugins, use the command "/plist" or "plist" in console[m

[18:53:14] [Server thread/INFO]: You can request to add a new plugin to the database by going to https://github.com/darverdevs/PluginInstallerRepo/tree/main[m

[18:53:14] [Server thread/INFO]: and creating an issue or pull request of the plugin you want to add[m

[18:53:14] [Server thread/INFO]: --------------------------------------------[m

[18:53:14] [Server thread/INFO]: --------------------------------------------[m

[18:53:14] [Server thread/INFO]: --------------------------------------------[m

[18:53:14] [Server thread/INFO]: --------------------------------------------[m

[18:53:14] [Server thread/INFO]: [0;32;1m[EaglerPluginUpdater][0;36;1m EaglerPluginUpdater V1.1.2 is now Enabled! :D[m

[18:53:14] [Server thread/INFO]: You do not need to do anything, this plugin will automatically update your PluginUpdater on startup[m

[18:53:14] [Server thread/INFO]: --------------------------------------------[m

[18:53:14] [Server thread/INFO]: --------------------------------------------[m

[18:53:14] [Server thread/INFO]: [MagicSpells] Enabling MagicSpells v2.15
[18:53:14] [Server thread/WARN]: [MagicSpells] This MagicSpells version is not fully compatible with this server version.
[18:53:14] [Server thread/WARN]: [MagicSpells] Some features have been disabled.
[18:53:14] [Server thread/WARN]: [MagicSpells] See http://nisovin.com/magicspells/volatilefeatures for more information.
[18:53:15] [Server thread/INFO]: [MagicSpells] Spells loaded: 87
[18:53:15] [Server thread/INFO]: [McTeams] Enabling McTeams v1.6.1
[18:53:15] [Server thread/INFO]: [McTeams] Could not find PlaceholderAPI plugin. Those features will be unavailable.

[18:53:15] [Server thread/INFO]: [CustomEnchantments] Enabling CustomEnchantments v2.4c
[18:53:15] [Server thread/INFO]: [0;32;1m[CE] All Enchantments have been loaded.[m

[18:53:15] [Server thread/INFO]: [0;32;1m[CE] All Items have been loaded.[m

[18:53:15] [Server thread/INFO]: [LoginSecurity] Enabling LoginSecurity v3.2.0
[18:53:15] [Server thread/INFO]: [LoginSecurity] Loading base translations from "en_us"
[18:53:15] [Server thread/INFO]: [LoginSecurity] Loading specified translations from "en_us"
[18:53:15] [Server thread/INFO]: [LoginSecurity] Registering commands...
[18:53:15] [Server thread/INFO]: [LoginSecurity] Registering listeners...
[18:53:15] [Server thread/INFO]: Server permissions file permissions.yml is empty, ignoring it
[18:53:15] [Server thread/INFO]: Done (4.111s)! For help, type "help" or "?"
[18:53:15] [Server thread/INFO]: Timings Reset
[18:53:15] [Craft Scheduler Thread - 1/INFO]: [Metrics] Connection refused
[18:53:15] [Craft Scheduler Thread - 0/INFO]: [0;31;1m[21m[SimpleTpa] There is a new update available.[m

[18:53:15] [Craft Scheduler Thread - 0/INFO]: [0;31;1m[SimpleTpa] There is a new update available:[m

[18:53:15] [Craft Scheduler Thread - 0/INFO]: [0;31;1m[SimpleTpa] https://www.spigotmc.org/resources/simple-tpa.64270/[m

[18:53:30] [Craft Scheduler Thread - 0/INFO]: [0;32;1m[CE] Checking for updates...[m

[18:53:30] [Craft Scheduler Thread - 0/INFO]: [0;32;1m[CE] You are using the latest Version of CE![m

[18:54:49] [Thread-8/INFO]: UUID of player SavageEagler is 83949d3a-ab99-3644-a8c0-43977ec748c0
[18:54:49] [Server thread/INFO]: SavageEagler[/[0:0:0:0:0:0:0:1]:44552] logged in with entity id 283 at ([world]-100.0, 134.0, 18.0)
[18:55:23] [Server thread/INFO]: SavageEagler issued server command: /sethome sugar
[18:57:18] [Server thread/INFO]: SavageEagler issued server command: /install timber
[18:57:25] [Server thread/INFO]: SavageEagler issued server command: /plist
[18:57:29] [Server thread/INFO]: SavageEagler issued server command: /hoem h
[18:57:31] [Server thread/INFO]: SavageEagler issued server command: /home h
[18:57:45] [Server thread/INFO]: [0;32;1mHere is a list of available plugins in the database:[m

[18:57:45] [Server thread/INFO]: 1. AdminFun             8. ChestMaster[m

[18:57:45] [Server thread/INFO]: 2. AntiSwear            9. Citizens[m

[18:57:45] [Server thread/INFO]: 3. AuthMe               10. ClearLag[m

[18:57:45] [Server thread/INFO]: 4. AyunCord             11. CommandNPC[m

[18:57:45] [Server thread/INFO]: 5. BattleArena          12. ComZombies[m

[18:57:45] [Server thread/INFO]: 6. BitchFilter          13. CoreProtect[m

[18:57:45] [Server thread/INFO]: 7. BloodMoon            14. CrackShot[m

[18:57:45] [Server thread/INFO]:              Page 1 of 6[m

[18:57:45] [Server thread/INFO]: Note: You do not need to have proper[m

[18:57:45] [Server thread/INFO]: capitalization when using the install command[m

[18:57:50] [Server thread/INFO]: [0;32;1mHere is a list of available plugins in the database:[m

[18:57:50] [Server thread/INFO]: 15. CraftBook            22. EssentialsSpawn[m

[18:57:50] [Server thread/INFO]: 16. DupePatch            23. Factions[m

[18:57:50] [Server thread/INFO]: 17. DynMap               24. FakePlayersOnline[m

[18:57:50] [Server thread/INFO]: 18. Essentials           25. LortinsRPGMobs[m

[18:57:50] [Server thread/INFO]: 19. EssentialsAntiBuild  26. MagicSpellBook[m

[18:57:50] [Server thread/INFO]: 20. EssentialsChat       27. MagicSpells[m

[18:57:50] [Server thread/INFO]: 21. EssentialsProtect    28. MarriageMaster[m

[18:57:50] [Server thread/INFO]:              Page 2 of 6[m

[18:57:50] [Server thread/INFO]: Note: You do not need to have proper[m

[18:57:50] [Server thread/INFO]: capitalization when using the install command[m

[18:57:57] [Server thread/INFO]: [0;32;1mHere is a list of available plugins in the database:[m

[18:57:57] [Server thread/INFO]: 29. MCMMO                36. Music[m

[18:57:57] [Server thread/INFO]: 30. MCMMORankUp          37. MyRPG[m

[18:57:57] [Server thread/INFO]: 31. MCore                38. MyWarp[m

[18:57:57] [Server thread/INFO]: 32. MobArena             39. OreGenerator[m

[18:57:57] [Server thread/INFO]: 33. MonsterApocalypse    40. PermissionSex[m

[18:57:57] [Server thread/INFO]: 34. MonsterMadness       41. ProtocolLib[m

[18:57:57] [Server thread/INFO]: 35. Multiverse           42. PVPSticks[m

[18:57:57] [Server thread/INFO]:              Page 3 of 6[m

[18:57:57] [Server thread/INFO]: Note: You do not need to have proper[m

[18:57:57] [Server thread/INFO]: capitalization when using the install command[m

[18:58:02] [Server thread/INFO]: [0;32;1mHere is a list of available plugins in the database:[m

[18:58:02] [Server thread/INFO]: 1. AdminFun             8. ChestMaster[m

[18:58:02] [Server thread/INFO]: 2. AntiSwear            9. Citizens[m

[18:58:02] [Server thread/INFO]: 3. AuthMe               10. ClearLag[m

[18:58:02] [Server thread/INFO]: 4. AyunCord             11. CommandNPC[m

[18:58:02] [Server thread/INFO]: 5. BattleArena          12. ComZombies[m

[18:58:02] [Server thread/INFO]: 6. BitchFilter          13. CoreProtect[m

[18:58:02] [Server thread/INFO]: 7. BloodMoon            14. CrackShot[m

[18:58:02] [Server thread/INFO]:              Page 1 of 6[m

[18:58:02] [Server thread/INFO]: Note: You do not need to have proper[m

[18:58:02] [Server thread/INFO]: capitalization when using the install command[m

[18:58:06] [Server thread/INFO]: [0;32;1mHere is a list of available plugins in the database:[m

[18:58:06] [Server thread/INFO]: 29. MCMMO                36. Music[m

[18:58:06] [Server thread/INFO]: 30. MCMMORankUp          37. MyRPG[m

[18:58:06] [Server thread/INFO]: 31. MCore                38. MyWarp[m

[18:58:06] [Server thread/INFO]: 32. MobArena             39. OreGenerator[m

[18:58:06] [Server thread/INFO]: 33. MonsterApocalypse    40. PermissionSex[m

[18:58:06] [Server thread/INFO]: 34. MonsterMadness       41. ProtocolLib[m

[18:58:06] [Server thread/INFO]: 35. Multiverse           42. PVPSticks[m

[18:58:06] [Server thread/INFO]:              Page 3 of 6[m

[18:58:06] [Server thread/INFO]: Note: You do not need to have proper[m

[18:58:06] [Server thread/INFO]: capitalization when using the install command[m

[18:58:08] [Server thread/INFO]: [0;32;1mHere is a list of available plugins in the database:[m

[18:58:08] [Server thread/INFO]: 43. RealisticBackpacks   50. SimpleClans[m

[18:58:08] [Server thread/INFO]: 44. RPGTrades            51. Slaves[m

[18:58:08] [Server thread/INFO]: 45. RuneCraft            52. SlimeFun[m

[18:58:08] [Server thread/INFO]: 46. ServerMiniMap        53. StackableItems[m

[18:58:08] [Server thread/INFO]: 47. Shop                 54. Stats[m

[18:58:08] [Server thread/INFO]: 48. SignShop             55. TheArcher[m

[18:58:08] [Server thread/INFO]: 49. SilkSpawners         56. Timber[m

[18:58:08] [Server thread/INFO]:              Page 4 of 6[m

[18:58:08] [Server thread/INFO]: Note: You do not need to have proper[m

[18:58:08] [Server thread/INFO]: capitalization when using the install command[m

[18:58:13] [Server thread/INFO]: You have successfully installed the [0;32;1mTIMBER[0;37;1m plugin![m

[18:58:17] [Server thread/INFO]: SavageEagler issued server command: /plugins
[18:58:24] [Server thread/INFO]: <[0;37;1mSavageEagler[0;37;1m> [0;34;1mBalls[m

[18:58:27] [Server thread/INFO]: SavageEagler issued server command: /ce
[18:58:38] [Server thread/INFO]: SavageEagler issued server command: /uberenchant
[18:58:41] [Server thread/INFO]: SavageEagler issued server command: /help uber
[18:59:03] [Server thread/INFO]: SavageEagler issued server command: /uber addlore balls
[18:59:06] [Server thread/INFO]: SavageEagler issued server command: /uber addlore balls 1
[18:59:21] [Server thread/INFO]: SavageEagler issued server command: /uber addlore balls &1
[19:01:34] [Server thread/INFO]: SavageEagler issued server command: /sethome hobbit
[19:01:42] [Server thread/INFO]: SavageEagler issued server command: /delhome hobbit
[19:01:45] [Server thread/INFO]: SavageEagler issued server command: /sethome h2
[19:01:49] [Server thread/INFO]: SavageEagler issued server command: /home h
[19:01:52] [Server thread/INFO]: SavageEagler issued server command: /home h2
[19:01:54] [Server thread/INFO]: SavageEagler issued server command: /home h
[19:03:15] [Craft Scheduler Thread - 5/INFO]: [Metrics] Connection refused
[19:04:35] [Server thread/INFO]: SavageEagler issued server command: /home h
[19:05:28] [Server thread/INFO]: SavageEagler has just earned the achievement [Time to Farm!]
[19:08:43] [Server thread/INFO]: SavageEagler issued server command: /dynmap
[19:08:43] [Server thread/ERROR]: null
org.bukkit.command.CommandException: Unhandled exception executing command 'dynmap' in plugin dynmap v1.9.1-875
	at org.bukkit.command.PluginCommand.execute(PluginCommand.java:47) ~[patched_1.8.8.jar:git-PaperSpigot-445]
	at org.bukkit.command.SimpleCommandMap.dispatch(SimpleCommandMap.java:146) ~[patched_1.8.8.jar:git-PaperSpigot-445]
	at org.bukkit.craftbukkit.v1_8_R3.CraftServer.dispatchCommand(CraftServer.java:666) ~[patched_1.8.8.jar:git-PaperSpigot-445]
	at net.minecraft.server.v1_8_R3.PlayerConnection.handleCommand(PlayerConnection.java:1189) ~[patched_1.8.8.jar:git-PaperSpigot-445]
	at net.minecraft.server.v1_8_R3.PlayerConnection.a(PlayerConnection.java:1001) ~[patched_1.8.8.jar:git-PaperSpigot-445]
	at net.minecraft.server.v1_8_R3.PacketPlayInChat.a(PacketPlayInChat.java:45) ~[patched_1.8.8.jar:git-PaperSpigot-445]
	at net.minecraft.server.v1_8_R3.PacketPlayInChat.a(PacketPlayInChat.java:1) ~[patched_1.8.8.jar:git-PaperSpigot-445]
	at net.minecraft.server.v1_8_R3.PlayerConnectionUtils$1.run(SourceFile:13) ~[patched_1.8.8.jar:git-PaperSpigot-445]
	at java.util.concurrent.Executors$RunnableAdapter.call(Executors.java:572) ~[?:?]
	at java.util.concurrent.FutureTask.run(FutureTask.java:317) ~[?:?]
	at net.minecraft.server.v1_8_R3.SystemUtils.a(SourceFile:44) ~[patched_1.8.8.jar:git-PaperSpigot-445]
	at net.minecraft.server.v1_8_R3.MinecraftServer.B(MinecraftServer.java:774) ~[patched_1.8.8.jar:git-PaperSpigot-445]
	at net.minecraft.server.v1_8_R3.DedicatedServer.B(DedicatedServer.java:378) ~[patched_1.8.8.jar:git-PaperSpigot-445]
	at net.minecraft.server.v1_8_R3.MinecraftServer.A(MinecraftServer.java:713) ~[patched_1.8.8.jar:git-PaperSpigot-445]
	at net.minecraft.server.v1_8_R3.MinecraftServer.run(MinecraftServer.java:616) ~[patched_1.8.8.jar:git-PaperSpigot-445]
	at java.lang.Thread.run(Thread.java:1583) [?:?]
Caused by: java.lang.NullPointerException: Cannot invoke "org.dynmap.DynmapCore.processCommand(org.dynmap.common.DynmapCommandSender, String, String, String[])" because "this.core" is null
	at org.dynmap.bukkit.DynmapPlugin.onCommand(DynmapPlugin.java:948) ~[?:?]
	at org.bukkit.command.PluginCommand.execute(PluginCommand.java:45) ~[patched_1.8.8.jar:git-PaperSpigot-445]
	... 15 more
[19:08:47] [Server thread/WARN]: Unexpected exception while parsing console command "dynmap"
org.bukkit.command.CommandException: Unhandled exception executing command 'dynmap' in plugin dynmap v1.9.1-875
	at org.bukkit.command.PluginCommand.execute(PluginCommand.java:47) ~[patched_1.8.8.jar:git-PaperSpigot-445]
	at org.bukkit.command.SimpleCommandMap.dispatch(SimpleCommandMap.java:146) ~[patched_1.8.8.jar:git-PaperSpigot-445]
	at org.bukkit.craftbukkit.v1_8_R3.CraftServer.dispatchCommand(CraftServer.java:666) ~[patched_1.8.8.jar:git-PaperSpigot-445]
	at org.bukkit.craftbukkit.v1_8_R3.CraftServer.dispatchServerCommand(CraftServer.java:629) ~[patched_1.8.8.jar:git-PaperSpigot-445]
	at net.minecraft.server.v1_8_R3.DedicatedServer.aO(DedicatedServer.java:416) ~[patched_1.8.8.jar:git-PaperSpigot-445]
	at net.minecraft.server.v1_8_R3.DedicatedServer.B(DedicatedServer.java:379) ~[patched_1.8.8.jar:git-PaperSpigot-445]
	at net.minecraft.server.v1_8_R3.MinecraftServer.A(MinecraftServer.java:713) ~[patched_1.8.8.jar:git-PaperSpigot-445]
	at net.minecraft.server.v1_8_R3.MinecraftServer.run(MinecraftServer.java:616) ~[patched_1.8.8.jar:git-PaperSpigot-445]
	at java.lang.Thread.run(Thread.java:1583) [?:?]
Caused by: java.lang.NullPointerException: Cannot invoke "org.dynmap.DynmapCore.processCommand(org.dynmap.common.DynmapCommandSender, String, String, String[])" because "this.core" is null
	at org.dynmap.bukkit.DynmapPlugin.onCommand(DynmapPlugin.java:948) ~[?:?]
	at org.bukkit.command.PluginCommand.execute(PluginCommand.java:45) ~[patched_1.8.8.jar:git-PaperSpigot-445]
	... 8 more
[19:08:51] [Server thread/WARN]: Unexpected exception while parsing console command "dynmap help"
org.bukkit.command.CommandException: Unhandled exception executing command 'dynmap' in plugin dynmap v1.9.1-875
	at org.bukkit.command.PluginCommand.execute(PluginCommand.java:47) ~[patched_1.8.8.jar:git-PaperSpigot-445]
	at org.bukkit.command.SimpleCommandMap.dispatch(SimpleCommandMap.java:146) ~[patched_1.8.8.jar:git-PaperSpigot-445]
	at org.bukkit.craftbukkit.v1_8_R3.CraftServer.dispatchCommand(CraftServer.java:666) ~[patched_1.8.8.jar:git-PaperSpigot-445]
	at org.bukkit.craftbukkit.v1_8_R3.CraftServer.dispatchServerCommand(CraftServer.java:629) ~[patched_1.8.8.jar:git-PaperSpigot-445]
	at net.minecraft.server.v1_8_R3.DedicatedServer.aO(DedicatedServer.java:416) ~[patched_1.8.8.jar:git-PaperSpigot-445]
	at net.minecraft.server.v1_8_R3.DedicatedServer.B(DedicatedServer.java:379) ~[patched_1.8.8.jar:git-PaperSpigot-445]
	at net.minecraft.server.v1_8_R3.MinecraftServer.A(MinecraftServer.java:713) ~[patched_1.8.8.jar:git-PaperSpigot-445]
	at net.minecraft.server.v1_8_R3.MinecraftServer.run(MinecraftServer.java:616) ~[patched_1.8.8.jar:git-PaperSpigot-445]
	at java.lang.Thread.run(Thread.java:1583) [?:?]
Caused by: java.lang.NullPointerException: Cannot invoke "org.dynmap.DynmapCore.processCommand(org.dynmap.common.DynmapCommandSender, String, String, String[])" because "this.core" is null
	at org.dynmap.bukkit.DynmapPlugin.onCommand(DynmapPlugin.java:948) ~[?:?]
	at org.bukkit.command.PluginCommand.execute(PluginCommand.java:45) ~[patched_1.8.8.jar:git-PaperSpigot-445]
	... 8 more
[19:08:58] [Server thread/INFO]: Plugins (15): [0;32;1mMCCore[0;37;1m, [0;32;1mSimpleTpa[0;37;1m, [0;32;1mdynmap[0;37;1m, [0;32;1mEaglerPluginInstaller[0;37;1m, [0;32;1mWorldEdit[0;37;1m, [0;32;1mUberEnchant[0;37;1m, [0;32;1mSimpleHomes[0;37;1m, [0;32;1mColors[0;37;1m, [0;32;1mSuperEnchants[0;37;1m, [0;32;1mEaglerPluginUpdater[0;37;1m, [0;32;1mMagicSpells[0;37;1m, [0;32;1mMcTeams[0;37;1m, [0;32;1mCustomEnchantments[0;37;1m, [0;32;1mProtocolLib[0;37;1m, [0;32;1mLoginSecurity[m

[19:09:09] [Server thread/INFO]: You have taught [0;37;1mSavageEagler the bind spell.[m

[19:09:17] [Server thread/INFO]: You have taught [0;37;1mSavageEagler the enderchest spell.[m

[19:09:22] [Server thread/INFO]: You have taught [0;37;1mSavageEagler the unbind spell.[m

[19:10:19] [Server thread/INFO]: SavageEagler issued server command: /home h
[19:13:15] [Craft Scheduler Thread - 6/INFO]: [Metrics] Connection refused
[19:14:13] [Server thread/INFO]: SavageEagler issued server command: /sethome m
[19:14:15] [Server thread/INFO]: SavageEagler issued server command: /home h
[19:14:43] [Server thread/INFO]: SavageEagler issued server command: /home m
[19:16:17] [Server thread/INFO]: SavageEagler has just earned the achievement [DIAMONDS!]
[19:17:15] [Server thread/INFO]: Given [Leather] * 34 to SavageEagler
[19:17:19] [Server thread/INFO]: Unknown command. Type "/help" for help.[m

[19:17:26] [Server thread/INFO]: Given [Obsidian] * 4 to SavageEagler
[19:17:33] [Server thread/INFO]: Given [Diamond] * 33 to SavageEagler
[19:18:05] [Server thread/INFO]: Given [Iron Ingot] * 64 to SavageEagler
[19:18:06] [Server thread/INFO]: Given [Iron Ingot] * 64 to SavageEagler
[19:18:57] [Server thread/INFO]: SavageEagler issued server command: /home h
[19:19:50] [Server thread/INFO]: Given [Leather] * 34 to SavageEagler
[19:19:55] [Server thread/INFO]: Given [Leather] * 64 to SavageEagler
[19:20:03] [Server thread/INFO]: Given [Paper] * 64 to SavageEagler
[19:20:04] [Server thread/INFO]: Given [Paper] * 64 to SavageEagler
[19:20:05] [Server thread/INFO]: Given [Paper] * 64 to SavageEagler
[19:20:30] [Server thread/INFO]: SavageEagler has just earned the achievement [Enchanter]
[19:20:34] [Server thread/INFO]: SavageEagler issued server command: /home h2
[19:20:46] [Server thread/INFO]: There is no such item with name minecraft:oak_log
[19:20:50] [Server thread/INFO]: Given [Oak Wood] * 64 to SavageEagler
[19:21:17] [Server thread/INFO]: SavageEagler has just earned the achievement [Librarian]
[19:21:57] [Server thread/INFO]: SavageEagler issued server command: /home h
[19:22:24] [Server thread/INFO]: SavageEagler issued server command: /home h2
[19:22:42] [Server thread/INFO]: Given 1000 experience to SavageEagler
[19:22:44] [Server thread/INFO]: Given 1000 experience to SavageEagler
[19:22:54] [Server thread/INFO]: There is no such item with name minecraft:lapis
[19:23:11] [Server thread/INFO]: Given [Lapis Lazuli Block] * 64 to SavageEagler
[19:23:15] [Craft Scheduler Thread - 7/INFO]: [Metrics] Connection refused
[19:23:29] [Server thread/INFO]: Given [Diamond Sword] * 1 to SavageEagler
[19:23:42] [Server thread/INFO]: Given [Diamond Sword] * 1 to SavageEagler
[19:23:51] [Server thread/INFO]: Given [Diamond Sword] * 1 to SavageEagler
[19:24:03] [Server thread/INFO]: Given 1000 experience to SavageEagler
[19:24:22] [Server thread/INFO]: Given [Lava Bucket] * 1 to SavageEagler
[19:24:51] [Server thread/INFO]: SavageEagler issued server command: /home h
[19:25:56] [Server thread/INFO]: SavageEagler lost connection: Disconnected
[19:25:56] [Server thread/INFO]: SavageEagler left the game.
[19:33:15] [Craft Scheduler Thread - 8/INFO]: [Metrics] Connection refused
[19:41:29] [Server thread/INFO]: Unknown command. Type "/help" for help.[m

[19:41:34] [Server thread/INFO]: Plugins (15): [0;32;1mMCCore[0;37;1m, [0;32;1mSimpleTpa[0;37;1m, [0;32;1mdynmap[0;37;1m, [0;32;1mEaglerPluginInstaller[0;37;1m, [0;32;1mWorldEdit[0;37;1m, [0;32;1mUberEnchant[0;37;1m, [0;32;1mSimpleHomes[0;37;1m, [0;32;1mColors[0;37;1m, [0;32;1mSuperEnchants[0;37;1m, [0;32;1mEaglerPluginUpdater[0;37;1m, [0;32;1mMagicSpells[0;37;1m, [0;32;1mMcTeams[0;37;1m, [0;32;1mCustomEnchantments[0;37;1m, [0;32;1mProtocolLib[0;37;1m, [0;32;1mLoginSecurity[m

[19:41:40] [Server thread/WARN]: Unexpected exception while parsing console command "dynmap"
org.bukkit.command.CommandException: Unhandled exception executing command 'dynmap' in plugin dynmap v1.9.1-875
	at org.bukkit.command.PluginCommand.execute(PluginCommand.java:47) ~[patched_1.8.8.jar:git-PaperSpigot-445]
	at org.bukkit.command.SimpleCommandMap.dispatch(SimpleCommandMap.java:146) ~[patched_1.8.8.jar:git-PaperSpigot-445]
	at org.bukkit.craftbukkit.v1_8_R3.CraftServer.dispatchCommand(CraftServer.java:666) ~[patched_1.8.8.jar:git-PaperSpigot-445]
	at org.bukkit.craftbukkit.v1_8_R3.CraftServer.dispatchServerCommand(CraftServer.java:629) ~[patched_1.8.8.jar:git-PaperSpigot-445]
	at net.minecraft.server.v1_8_R3.DedicatedServer.aO(DedicatedServer.java:416) ~[patched_1.8.8.jar:git-PaperSpigot-445]
	at net.minecraft.server.v1_8_R3.DedicatedServer.B(DedicatedServer.java:379) ~[patched_1.8.8.jar:git-PaperSpigot-445]
	at net.minecraft.server.v1_8_R3.MinecraftServer.A(MinecraftServer.java:713) ~[patched_1.8.8.jar:git-PaperSpigot-445]
	at net.minecraft.server.v1_8_R3.MinecraftServer.run(MinecraftServer.java:616) ~[patched_1.8.8.jar:git-PaperSpigot-445]
	at java.lang.Thread.run(Thread.java:1583) [?:?]
Caused by: java.lang.NullPointerException: Cannot invoke "org.dynmap.DynmapCore.processCommand(org.dynmap.common.DynmapCommandSender, String, String, String[])" because "this.core" is null
	at org.dynmap.bukkit.DynmapPlugin.onCommand(DynmapPlugin.java:948) ~[?:?]
	at org.bukkit.command.PluginCommand.execute(PluginCommand.java:45) ~[patched_1.8.8.jar:git-PaperSpigot-445]
	... 8 more
[19:42:25] [Server thread/INFO]: Startup script './start.sh' does not exist! Stopping server.

[19:42:25] [Thread-2/INFO]: Stopping server
