[15:03:04] [main/INFO]: Using mbed TLS based native cipher.
[15:03:04] [main/INFO]: Using zlib based native compressor.
[15:03:04] [main/INFO]: Enabled Waterfall version git:Waterfall-Bootstrap:1.19-R0.1-SNAPSHOT:f6069e2:513
[15:03:04] [main/INFO]: Not on Windows, attempting to use enhanced EpollEventLoop
[15:03:04] [main/INFO]: Epoll is working, utilising it!
[15:03:04] [main/INFO]: Discovered module: ModuleSpec(name=cmd_alert, file=modules/cmd_alert.jar, provider=JenkinsModuleSource())
[15:03:04] [main/INFO]: Discovered module: ModuleSpec(name=cmd_find, file=modules/cmd_find.jar, provider=JenkinsModuleSource())
[15:03:04] [main/INFO]: Discovered module: ModuleSpec(name=cmd_list, file=modules/cmd_list.jar, provider=JenkinsModuleSource())
[15:03:04] [main/INFO]: Discovered module: ModuleSpec(name=cmd_send, file=modules/cmd_send.jar, provider=JenkinsModuleSource())
[15:03:04] [main/INFO]: Discovered module: ModuleSpec(name=cmd_server, file=modules/cmd_server.jar, provider=JenkinsModuleSource())
[15:03:04] [main/INFO]: Discovered module: ModuleSpec(name=reconnect_yaml, file=modules/reconnect_yaml.jar, provider=JenkinsModuleSource())
[15:03:04] [main/INFO]: Loaded plugin reconnect_yaml version git:reconnect_yaml:1.19-R0.1-SNAPSHOT:f6069e2:513 by WaterfallMC
[15:03:04] [main/INFO]: Loaded plugin cmd_find version git:cmd_find:1.19-R0.1-SNAPSHOT:f6069e2:513 by WaterfallMC
[15:03:04] [main/INFO]: Loaded plugin cmd_server version git:cmd_server:1.19-R0.1-SNAPSHOT:f6069e2:513 by WaterfallMC
[15:03:04] [main/INFO]: Loaded plugin cmd_alert version git:cmd_alert:1.19-R0.1-SNAPSHOT:f6069e2:513 by WaterfallMC
[15:03:04] [main/INFO]: Loaded plugin cmd_send version git:cmd_send:1.19-R0.1-SNAPSHOT:f6069e2:513 by WaterfallMC
[15:03:04] [main/INFO]: Loaded plugin cmd_list version git:cmd_list:1.19-R0.1-SNAPSHOT:f6069e2:513 by WaterfallMC
[15:03:04] [main/WARN]: :>:>:>:>:>:>:>:>:>:>:>:>:>:>:>:>:>:>:>:>:>:>:>
[15:03:04] [main/WARN]: :>  
[15:03:04] [main/WARN]: :>      EAGLERCRAFTXBUNGEE WARNING:
[15:03:04] [main/WARN]: :>  
[15:03:04] [main/WARN]: :>  This plugin wasn't tested to be 'working'
[15:03:04] [main/WARN]: :>  with ANY version of BungeeCord (and forks)
[15:03:04] [main/WARN]: :>  apart from the versions listed below:
[15:03:04] [main/WARN]: :>  
[15:03:04] [main/WARN]: :>  - BungeeCord: 1.20-R0.3-SNAPSHOT:eda268b:1797
[15:03:04] [main/WARN]: :>  - Waterfall: 1.20-R0.2-SNAPSHOT:92b5149:562
[15:03:04] [main/WARN]: :>  - FlameCord: 1.1.1
[15:03:04] [main/WARN]: :>  
[15:03:04] [main/WARN]: :>  This is not a Bukkit/Spigot plugin!
[15:03:04] [main/WARN]: :>  
[15:03:04] [main/WARN]: :>  Use "-Deaglerxbungee.stfu=true" to hide
[15:03:04] [main/WARN]: :>  
[15:03:04] [main/WARN]: :>:>:>:>:>:>:>:>:>:>:>:>:>:>:>:>:>:>:>:>:>:>:>
[15:03:04] [main/INFO] [EaglercraftXBungee]: Loading vanilla profile: lax1dude
[15:03:05] [Skin Download Thread #1/INFO] [EaglercraftXBungee]: Loaded vanilla profile: lax1dude
[15:03:05] [main/INFO]: Loaded plugin EaglercraftXBungee version 1.0.10 by lax1dude
[15:03:05] [main/WARN]: Could not load server icon
java.lang.IllegalArgumentException: Server icon must be exactly 64x64 pixels
	at net.md_5.bungee.api.Favicon.create(Favicon.java:65) ~[bungee.jar:git:Waterfall-Bootstrap:1.19-R0.1-SNAPSHOT:f6069e2:513]
	at net.md_5.bungee.conf.Configuration.load(Configuration.java:89) ~[bungee.jar:git:Waterfall-Bootstrap:1.19-R0.1-SNAPSHOT:f6069e2:513]
	at io.github.waterfallmc.waterfall.conf.WaterfallConfiguration.load(WaterfallConfiguration.java:67) ~[bungee.jar:git:Waterfall-Bootstrap:1.19-R0.1-SNAPSHOT:f6069e2:513]
	at net.md_5.bungee.BungeeCord.start(BungeeCord.java:288) ~[bungee.jar:git:Waterfall-Bootstrap:1.19-R0.1-SNAPSHOT:f6069e2:513]
	at net.md_5.bungee.BungeeCordLauncher.main(BungeeCordLauncher.java:67) ~[bungee.jar:git:Waterfall-Bootstrap:1.19-R0.1-SNAPSHOT:f6069e2:513]
	at net.md_5.bungee.Bootstrap.main(Bootstrap.java:15) ~[bungee.jar:git:Waterfall-Bootstrap:1.19-R0.1-SNAPSHOT:f6069e2:513]
[15:03:05] [main/WARN]: Forced host server pvp is not defined
[15:03:05] [main/INFO]: Enabled plugin reconnect_yaml version git:reconnect_yaml:1.19-R0.1-SNAPSHOT:f6069e2:513 by WaterfallMC
[15:03:05] [main/INFO]: Enabled plugin cmd_find version git:cmd_find:1.19-R0.1-SNAPSHOT:f6069e2:513 by WaterfallMC
[15:03:05] [main/INFO]: Enabled plugin cmd_server version git:cmd_server:1.19-R0.1-SNAPSHOT:f6069e2:513 by WaterfallMC
[15:03:05] [main/INFO]: Enabled plugin cmd_alert version git:cmd_alert:1.19-R0.1-SNAPSHOT:f6069e2:513 by WaterfallMC
[15:03:05] [main/INFO]: Enabled plugin cmd_send version git:cmd_send:1.19-R0.1-SNAPSHOT:f6069e2:513 by WaterfallMC
[15:03:05] [main/INFO]: Enabled plugin cmd_list version git:cmd_list:1.19-R0.1-SNAPSHOT:f6069e2:513 by WaterfallMC
[15:03:05] [main/ERROR] [EaglercraftXBungee]: Online mode is set to false! Authentication system has been disabled
[15:03:05] [Netty Worker IO Thread #0/INFO] [EaglercraftXBungee]: Eaglercraft is listening on: /0.0.0.0:8081
[15:03:05] [main/INFO] [EaglercraftXBungee]: Connected to database: jdbc:sqlite:eaglercraft_skins_cache.db
[15:03:05] [main/INFO]: Enabled plugin EaglercraftXBungee version 1.0.10 by lax1dude
[15:03:05] [Netty Boss IO Thread #0/INFO]: Listening on /127.0.0.1:25577
[15:03:05] [EaglerXBungee: Network Tick Tasks/INFO] [EaglercraftXBungee]: Loaded certificate: /workspaces/Spellbound_s2/bungee/plugins/EaglercraftXBungee/eagcert/$dl.11da5ec1e9d8efe3fa0e9998b0c264f5c8cb155f.cert
[15:24:27] [Netty Worker IO Thread #1/INFO] [EaglercraftXBungee]: [/[0:0:0:0:0:0:0:1%0]:56704]: Connected via websocket
[15:24:27] [Netty Worker IO Thread #1/INFO] [EaglercraftXBungee]: [/[0:0:0:0:0:0:0:1%0]:56704]: Origin header is http://localhost:8081
[15:24:27] [Netty Worker IO Thread #1/INFO] [EaglercraftXBungee]: [/[0:0:0:0:0:0:0:1%0]:56704]: Logged in as 'Admin_1'
[15:24:27] [Netty Worker IO Thread #1/INFO]: [/[0:0:0:0:0:0:0:1%0]:56704|Admin_1] -> UpstreamBridge has connected
[15:24:27] [Netty Worker IO Thread #1/INFO]: [Admin_1|/[0:0:0:0:0:0:0:1%0]:56704] <-> ServerConnector [lobby] has connected
[15:29:54] [Netty Worker IO Thread #1/INFO]: [Admin_1] disconnected with: Server closed
[15:29:54] [Netty Worker IO Thread #1/INFO]: [/[0:0:0:0:0:0:0:1%0]:56704|Admin_1] -> UpstreamBridge has disconnected
[15:29:54] [Netty Worker IO Thread #1/INFO]: [/[0:0:0:0:0:0:0:1%0]:56704|Admin_1] <-> DownstreamBridge <-> [lobby] has disconnected
[15:29:58] [Shutdown Thread/INFO]: Closing listener [id: 0x2ba5033d, L:/127.0.0.1:25577]
[15:29:58] [Shutdown Thread/INFO]: Closing pending connections
[15:29:58] [Shutdown Thread/INFO]: Disconnecting 0 connections
[15:29:58] [Shutdown Thread/INFO]: Disabling plugins
[15:29:58] [Shutdown Thread/INFO] [EaglercraftXBungee]: Eaglercraft listener closed: /0.0.0.0:8081
[15:29:58] [Shutdown Thread/INFO] [EaglercraftXBungee]: Successfully disconnected from database 'jdbc:sqlite:eaglercraft_skins_cache.db'
[15:29:58] [Shutdown Thread/INFO] [EaglercraftXBungee]: Stopping skin cache HTTP client...
[15:30:00] [Shutdown Thread/INFO]: Closing IO threads
[15:30:02] [Shutdown Thread/INFO]: Thank you and goodbye
